[debug] [2018-11-16T14:28:46.775Z] ----------------------------------------------------------------------
[debug] [2018-11-16T14:28:46.778Z] Command:       /Users/peterpolman/.nvm/versions/node/v8.9.2/bin/node /Users/peterpolman/.nvm/versions/node/v8.9.2/bin/firebase deploy
[debug] [2018-11-16T14:28:46.778Z] CLI Version:   5.0.1
[debug] [2018-11-16T14:28:46.778Z] Platform:      darwin
[debug] [2018-11-16T14:28:46.778Z] Node Version:  v8.9.2
[debug] [2018-11-16T14:28:46.778Z] Time:          Fri Nov 16 2018 15:28:46 GMT+0100 (CET)
[debug] [2018-11-16T14:28:46.779Z] ----------------------------------------------------------------------
[debug] 
[debug] [2018-11-16T14:28:46.794Z] > command requires scopes: ["email","openid","https://www.googleapis.com/auth/cloudplatformprojects.readonly","https://www.googleapis.com/auth/firebase","https://www.googleapis.com/auth/cloud-platform"]
[debug] [2018-11-16T14:28:46.794Z] > authorizing via signed-in user
[debug] [2018-11-16T14:28:46.794Z] [iam] checking project growth-9f10c for permissions ["cloudfunctions.functions.create","cloudfunctions.functions.delete","cloudfunctions.functions.get","cloudfunctions.functions.list","cloudfunctions.functions.update","cloudfunctions.operations.get","firebase.projects.get","firebasedatabase.instances.update","firebasehosting.sites.update","firebaserules.releases.create","firebaserules.releases.update","firebaserules.rulesets.create"]
[debug] [2018-11-16T14:28:46.796Z] > refreshing access token with scopes: ["email","https://www.googleapis.com/auth/cloud-platform","https://www.googleapis.com/auth/cloudplatformprojects.readonly","https://www.googleapis.com/auth/firebase","openid"]
[debug] [2018-11-16T14:28:46.796Z] >>> HTTP REQUEST POST https://www.googleapis.com/oauth2/v3/token  
 <request body omitted>
[debug] [2018-11-16T14:28:50.049Z] <<< HTTP RESPONSE 200
[debug] [2018-11-16T14:28:50.064Z] >>> HTTP REQUEST POST https://cloudresourcemanager.googleapis.com/v1/projects/growth-9f10c:testIamPermissions  

[debug] [2018-11-16T14:28:50.812Z] <<< HTTP RESPONSE 200
[debug] [2018-11-16T14:28:50.813Z] >>> HTTP REQUEST GET https://admin.firebase.com/v1/projects/growth-9f10c  
 
[debug] [2018-11-16T14:28:51.402Z] <<< HTTP RESPONSE 200
[info] 
[info] === Deploying to 'growth-9f10c'...
[info] 
[info] i  deploying database, storage, functions, hosting
[debug] [2018-11-16T14:28:51.409Z] TypeError: Path must be a string. Received undefined
    at assertPath (path.js:28:11)
    at Object.join (path.js:1251:7)
    at Config.path (/Users/peterpolman/.nvm/versions/node/v8.9.2/lib/node_modules/firebase-tools/lib/config.js:166:37)
    at /Users/peterpolman/.nvm/versions/node/v8.9.2/lib/node_modules/firebase-tools/lib/deploy/lifecycleHooks.js:68:38
    at _chain (/Users/peterpolman/.nvm/versions/node/v8.9.2/lib/node_modules/firebase-tools/lib/deploy/index.js:26:38)
    at /Users/peterpolman/.nvm/versions/node/v8.9.2/lib/node_modules/firebase-tools/lib/deploy/index.js:29:14
    at <anonymous>
    at process._tickDomainCallback (internal/process/next_tick.js:228:7)
[error] 
[error] Error: An unexpected error has occurred.
